<?xml version="1.0" encoding="UTF-8"?>
<coverage generated="1777633227228" clover="3.2.0">
  <project timestamp="1777633227228" name="All files">
    <metrics statements="16" coveredstatements="15" conditionals="5" coveredconditionals="4" methods="1" coveredmethods="1" elements="22" coveredelements="20" complexity="0" loc="16" ncloc="16" packages="1" files="3" classes="3"/>
    <file name="api.ts" path="C:\Users\MSI\Desktop\FOMA\qa_test\utils\api.ts">
      <metrics statements="5" coveredstatements="5" conditionals="2" coveredconditionals="1" methods="0" coveredmethods="0"/>
      <line num="1" count="4" type="stmt"/>
      <line num="2" count="4" type="stmt"/>
      <line num="3" count="4" type="stmt"/>
      <line num="5" count="4" type="cond" truecount="1" falsecount="1"/>
      <line num="6" count="4" type="stmt"/>
    </file>
    <file name="auth.ts" path="C:\Users\MSI\Desktop\FOMA\qa_test\utils\auth.ts">
      <metrics statements="8" coveredstatements="7" conditionals="3" coveredconditionals="3" methods="1" coveredmethods="1"/>
      <line num="1" count="3" type="stmt"/>
      <line num="2" count="3" type="stmt"/>
      <line num="4" count="3" type="stmt"/>
      <line num="6" count="3" type="stmt"/>
      <line num="7" count="3" type="stmt"/>
      <line num="15" count="3" type="cond" truecount="3" falsecount="0"/>
      <line num="16" count="3" type="stmt"/>
      <line num="19" count="0" type="stmt"/>
    </file>
    <file name="schema.ts" path="C:\Users\MSI\Desktop\FOMA\qa_test\utils\schema.ts">
      <metrics statements="3" coveredstatements="3" conditionals="0" coveredconditionals="0" methods="0" coveredmethods="0"/>
      <line num="1" count="1" type="stmt"/>
      <line num="3" count="1" type="stmt"/>
      <line num="15" count="1" type="stmt"/>
    </file>
  </project>
</coverage>
