{"C:\\Users\\MSI\\Desktop\\FOMA\\qa_test\\utils\\api.ts": {"path":"C:\\Users\\MSI\\Desktop\\FOMA\\qa_test\\utils\\api.ts","statementMap":{"0":{"start":{"line":1,"column":0},"end":{"line":1,"column":33}},"1":{"start":{"line":2,"column":18},"end":{"line":2,"column":38}},"2":{"start":{"line":3,"column":0},"end":{"line":3,"column":16}},"3":{"start":{"line":5,"column":16},"end":{"line":5,"column":70}},"4":{"start":{"line":6,"column":13},"end":{"line":6,"column":42}}},"fnMap":{},"branchMap":{"0":{"loc":{"start":{"line":5,"column":16},"end":{"line":5,"column":70}},"type":"binary-expr","locations":[{"start":{"line":5,"column":16},"end":{"line":5,"column":36}},{"start":{"line":5,"column":40},"end":{"line":5,"column":70}}]}},"s":{"0":4,"1":4,"2":4,"3":4,"4":4},"f":{},"b":{"0":[4,0]}}
,"C:\\Users\\MSI\\Desktop\\FOMA\\qa_test\\utils\\auth.ts": {"path":"C:\\Users\\MSI\\Desktop\\FOMA\\qa_test\\utils\\auth.ts","statementMap":{"0":{"start":{"line":6,"column":0},"end":{"line":6,"column":7}},"1":{"start":{"line":1,"column":0},"end":{"line":1,"column":33}},"2":{"start":{"line":2,"column":0},"end":{"line":2,"column":32}},"3":{"start":{"line":4,"column":0},"end":{"line":4,"column":16}},"4":{"start":{"line":7,"column":21},"end":{"line":13,"column":48}},"5":{"start":{"line":15,"column":4},"end":{"line":17,"column":5}},"6":{"start":{"line":16,"column":8},"end":{"line":16,"column":47}},"7":{"start":{"line":19,"column":4},"end":{"line":19,"column":76}}},"fnMap":{"0":{"name":"getAuthToken","decl":{"start":{"line":6,"column":22},"end":{"line":6,"column":34}},"loc":{"start":{"line":6,"column":34},"end":{"line":20,"column":1}}}},"branchMap":{"0":{"loc":{"start":{"line":15,"column":4},"end":{"line":17,"column":5}},"type":"if","locations":[{"start":{"line":15,"column":4},"end":{"line":17,"column":5}}]},"1":{"loc":{"start":{"line":15,"column":8},"end":{"line":15,"column":68}},"type":"binary-expr","locations":[{"start":{"line":15,"column":8},"end":{"line":15,"column":31}},{"start":{"line":15,"column":35},"end":{"line":15,"column":68}}]}},"s":{"0":3,"1":3,"2":3,"3":3,"4":3,"5":3,"6":3,"7":0},"f":{"0":3},"b":{"0":[3],"1":[3,3]}}
,"C:\\Users\\MSI\\Desktop\\FOMA\\qa_test\\utils\\schema.ts": {"path":"C:\\Users\\MSI\\Desktop\\FOMA\\qa_test\\utils\\schema.ts","statementMap":{"0":{"start":{"line":1,"column":0},"end":{"line":1,"column":27}},"1":{"start":{"line":3,"column":13},"end":{"line":13,"column":3}},"2":{"start":{"line":15,"column":13},"end":{"line":20,"column":17}}},"fnMap":{},"branchMap":{},"s":{"0":1,"1":1,"2":1},"f":{},"b":{}}
}
